<?xml version="1.0" encoding="UTF-8"?>
<!-- Generated by org.testng.reporters.JUnitXMLReporter -->
<testsuite ignored="0" hostname="QA1082" failures="0" tests="4" name="Test" time="6.469" errors="0" timestamp="2023-07-30T14:13:27 IST">
  <testcase classname="Day8.CreateUser" name="TestCreateUser" time="4.585"/>
  <testcase classname="Day8.GetUser" name="TesGetUser" time="0.656"/>
  <testcase classname="Day8.UpdateUser" name="TestUpdateUser" time="0.645"/>
  <testcase classname="Day8.DeleteUser" name="TesDeleteUser" time="0.48"/>
</testsuite> <!-- Test -->
